<?xml version="1.0" encoding="UTF-8"?>
<!-- Generated by org.testng.reporters.JUnitXMLReporter -->
<testsuite ignored="0" hostname="JAISU1158856L" failures="0" tests="4" name="Add Customer Login Test" time="2.263" errors="0" timestamp="2021-05-25T12:56:00 IST">
  <testcase classname="com.w2a.testcases.AddCustomerTest" name="addCustomerTest" time="0.729"/>
  <testcase classname="com.w2a.testcases.AddCustomerTest" name="addCustomerTest" time="0.351"/>
  <testcase classname="com.w2a.testcases.AddCustomerTest" name="addCustomerTest" time="0.003">
    <skipped/>
  </testcase> <!-- addCustomerTest -->
  <testcase classname="com.w2a.testcases.AddCustomerTest" name="addCustomerTest" time="0.726"/>
</testsuite> <!-- Add Customer Login Test -->
