<?xml version="1.0" encoding="UTF-8"?>
<!-- Generated by org.testng.reporters.JUnitXMLReporter -->
<testsuite ignored="0" hostname="JAISU1158856L" failures="0" tests="4" name="Add Customer Login Test" time="3.475" errors="0" timestamp="2021-05-27T13:09:08 IST">
  <testcase classname="com.w2a.testcases.AddCustomerTest" name="addCustomerTest" time="1.828"/>
  <testcase classname="com.w2a.testcases.AddCustomerTest" name="addCustomerTest" time="0.546"/>
  <testcase classname="com.w2a.testcases.AddCustomerTest" name="addCustomerTest" time="0.032">
    <skipped/>
  </testcase> <!-- addCustomerTest -->
  <testcase classname="com.w2a.testcases.AddCustomerTest" name="addCustomerTest" time="0.641"/>
</testsuite> <!-- Add Customer Login Test -->
