<?xml version="1.0" encoding="UTF-8"?>
<!-- Generated by org.testng.reporters.JUnitXMLReporter -->
<testsuite ignored="0" hostname="JAISU1158856L" failures="0" tests="4" name="Add Customer Login Test" time="2.952" errors="0" timestamp="2021-05-25T12:53:49 IST">
  <testcase classname="com.w2a.testcases.AddCustomerTest" name="addCustomerTest" time="0.785"/>
  <testcase classname="com.w2a.testcases.AddCustomerTest" name="addCustomerTest" time="1.445"/>
  <testcase classname="com.w2a.testcases.AddCustomerTest" name="addCustomerTest" time="0.001">
    <skipped/>
  </testcase> <!-- addCustomerTest -->
  <testcase classname="com.w2a.testcases.AddCustomerTest" name="addCustomerTest" time="0.34"/>
</testsuite> <!-- Add Customer Login Test -->
